c:\users\790947404\desktop\dict\c#dice\clrdice\clrdice\debug\clrdice.pch
c:\users\790947404\desktop\dict\c#dice\clrdice\clrdice\debug\vc141.pdb
c:\users\790947404\desktop\dict\c#dice\clrdice\clrdice\debug\stdafx.obj
c:\users\790947404\desktop\dict\c#dice\clrdice\clrdice\debug\unpack.obj
c:\users\790947404\desktop\dict\c#dice\clrdice\clrdice\debug\rd.obj
c:\users\790947404\desktop\dict\c#dice\clrdice\clrdice\debug\cqtools.obj
c:\users\790947404\desktop\dict\c#dice\clrdice\clrdice\debug\eventhandler.obj
c:\users\790947404\desktop\dict\c#dice\clrdice\clrdice\debug\clrdice.obj
c:\users\790947404\desktop\dict\c#dice\clrdice\clrdice\debug\assemblyinfo.obj
c:\users\790947404\desktop\dict\c#dice\clrdice\clrdice\debug\.netframework,version=v4.0.assemblyattributes.obj
c:\users\790947404\desktop\dict\c#dice\clrdice\clrdice\debug\.netframework,version=v4.0.assemblyattributes.asm
c:\users\790947404\desktop\dict\c#dice\clrdice\clrdice\debug\app.res
c:\users\790947404\desktop\dict\c#dice\clrdice\clrdice\debug\clrdice.vcxprojassemblyreference.cache
c:\users\790947404\desktop\dict\c#dice\clrdice\debug\clrdice.pdb
c:\users\790947404\desktop\dict\c#dice\clrdice\clrdice\debug\clrdice.tlog\cl.command.1.tlog
c:\users\790947404\desktop\dict\c#dice\clrdice\clrdice\debug\clrdice.tlog\cl.read.1.tlog
c:\users\790947404\desktop\dict\c#dice\clrdice\clrdice\debug\clrdice.tlog\cl.write.1.tlog
c:\users\790947404\desktop\dict\c#dice\clrdice\clrdice\debug\clrdice.tlog\link.23468-cvtres.read.1.tlog
c:\users\790947404\desktop\dict\c#dice\clrdice\clrdice\debug\clrdice.tlog\link.23468-cvtres.write.1.tlog
c:\users\790947404\desktop\dict\c#dice\clrdice\clrdice\debug\clrdice.tlog\link.23468-rc.read.1.tlog
c:\users\790947404\desktop\dict\c#dice\clrdice\clrdice\debug\clrdice.tlog\link.23468-rc.write.1.tlog
c:\users\790947404\desktop\dict\c#dice\clrdice\clrdice\debug\clrdice.tlog\link.23468.read.1.tlog
c:\users\790947404\desktop\dict\c#dice\clrdice\clrdice\debug\clrdice.tlog\link.23468.write.1.tlog
c:\users\790947404\desktop\dict\c#dice\clrdice\clrdice\debug\clrdice.tlog\link.command.1.tlog
c:\users\790947404\desktop\dict\c#dice\clrdice\clrdice\debug\clrdice.tlog\link.read.1.tlog
c:\users\790947404\desktop\dict\c#dice\clrdice\clrdice\debug\clrdice.tlog\link.write.1.tlog
c:\users\790947404\desktop\dict\c#dice\clrdice\clrdice\debug\clrdice.tlog\metagen.read.1.tlog
c:\users\790947404\desktop\dict\c#dice\clrdice\clrdice\debug\clrdice.tlog\metagen.write.1.tlog
c:\users\790947404\desktop\dict\c#dice\clrdice\clrdice\debug\clrdice.tlog\rc.command.1.tlog
c:\users\790947404\desktop\dict\c#dice\clrdice\clrdice\debug\clrdice.tlog\rc.read.1.tlog
c:\users\790947404\desktop\dict\c#dice\clrdice\clrdice\debug\clrdice.tlog\rc.write.1.tlog
